<?xml version="1.0" encoding="UTF-8"?>
<testng-results ignored="0" total="3" passed="3" failed="0" skipped="0">
  <reporter-output>
    <line>
      <![CDATA[Successfully Launched Chrome Browser]]>
    </line>
    <line>
      <![CDATA[Browser window is maximized successfully]]>
    </line>
    <line>
      <![CDATA[Successfully Launched Chrome Browser]]>
    </line>
    <line>
      <![CDATA[Browser window is maximized successfully]]>
    </line>
    <line>
      <![CDATA[Successfully Launched Chrome Browser]]>
    </line>
    <line>
      <![CDATA[Browser window is maximized successfully]]>
    </line>
    <line>
      <![CDATA[Profile page is displayed succesfully]]>
    </line>
  </reporter-output>
  <suite started-at="2022-03-03T09:12:31 IST" name="Suite" finished-at="2022-03-03T09:14:06 IST" duration-ms="94643">
    <groups>
    </groups>
    <test started-at="2022-03-03T09:12:31 IST" name="Test" finished-at="2022-03-03T09:14:06 IST" duration-ms="94643">
      <class name="resumeBuilderScripts.TC_ResumeBuilder_003Test">
        <test-method is-config="true" signature="openTheBrowser(java.lang.String)[pri:0, instance:resumeBuilderScripts.TC_ResumeBuilder_003Test@1613674b]" started-at="2022-03-03T09:12:31 IST" name="openTheBrowser" finished-at="2022-03-03T09:12:46 IST" duration-ms="15306" status="PASS">
          <params>
            <param index="0">
              <value>
                <![CDATA[chrome]]>
              </value>
            </param>
          </params>
          <reporter-output>
            <line>
              <![CDATA[Successfully Launched Chrome Browser]]>
            </line>
            <line>
              <![CDATA[Browser window is maximized successfully]]>
            </line>
          </reporter-output>
        </test-method> <!-- openTheBrowser -->
        <test-method is-config="true" signature="navigateToApplication()[pri:0, instance:resumeBuilderScripts.TC_ResumeBuilder_003Test@1613674b]" started-at="2022-03-03T09:12:46 IST" name="navigateToApplication" finished-at="2022-03-03T09:12:50 IST" duration-ms="3738" status="PASS">
          <reporter-output>
          </reporter-output>
        </test-method> <!-- navigateToApplication -->
        <test-method signature="ModifingSkillsModule()[pri:0, instance:resumeBuilderScripts.TC_ResumeBuilder_003Test@1613674b]" started-at="2022-03-03T09:12:50 IST" name="ModifingSkillsModule" finished-at="2022-03-03T09:12:56 IST" duration-ms="5678" status="PASS">
          <reporter-output>
          </reporter-output>
        </test-method> <!-- ModifingSkillsModule -->
        <test-method is-config="true" signature="navigateOutOfApplication()[pri:0, instance:resumeBuilderScripts.TC_ResumeBuilder_003Test@1613674b]" started-at="2022-03-03T09:12:56 IST" name="navigateOutOfApplication" finished-at="2022-03-03T09:12:56 IST" duration-ms="1" status="PASS">
          <reporter-output>
          </reporter-output>
        </test-method> <!-- navigateOutOfApplication -->
        <test-method is-config="true" signature="closeTheBrowser()[pri:0, instance:resumeBuilderScripts.TC_ResumeBuilder_003Test@1613674b]" started-at="2022-03-03T09:12:56 IST" name="closeTheBrowser" finished-at="2022-03-03T09:12:57 IST" duration-ms="807" status="PASS">
          <reporter-output>
          </reporter-output>
        </test-method> <!-- closeTheBrowser -->
      </class> <!-- resumeBuilderScripts.TC_ResumeBuilder_003Test -->
      <class name="resumeBuilderScripts.TC_ResumeBuilder_002Test">
        <test-method is-config="true" signature="openTheBrowser(java.lang.String)[pri:0, instance:resumeBuilderScripts.TC_ResumeBuilder_002Test@27ff5d15]" started-at="2022-03-03T09:12:57 IST" name="openTheBrowser" finished-at="2022-03-03T09:13:01 IST" duration-ms="4336" status="PASS">
          <params>
            <param index="0">
              <value>
                <![CDATA[chrome]]>
              </value>
            </param>
          </params>
          <reporter-output>
            <line>
              <![CDATA[Successfully Launched Chrome Browser]]>
            </line>
            <line>
              <![CDATA[Browser window is maximized successfully]]>
            </line>
          </reporter-output>
        </test-method> <!-- openTheBrowser -->
        <test-method is-config="true" signature="navigateToApplication()[pri:0, instance:resumeBuilderScripts.TC_ResumeBuilder_002Test@27ff5d15]" started-at="2022-03-03T09:13:01 IST" name="navigateToApplication" finished-at="2022-03-03T09:13:08 IST" duration-ms="6695" status="PASS">
          <reporter-output>
          </reporter-output>
        </test-method> <!-- navigateToApplication -->
        <test-method signature="ModifingResume()[pri:0, instance:resumeBuilderScripts.TC_ResumeBuilder_002Test@27ff5d15]" started-at="2022-03-03T09:13:08 IST" name="ModifingResume" finished-at="2022-03-03T09:13:31 IST" duration-ms="23782" status="PASS">
          <reporter-output>
          </reporter-output>
        </test-method> <!-- ModifingResume -->
        <test-method is-config="true" signature="navigateOutOfApplication()[pri:0, instance:resumeBuilderScripts.TC_ResumeBuilder_002Test@27ff5d15]" started-at="2022-03-03T09:13:31 IST" name="navigateOutOfApplication" finished-at="2022-03-03T09:13:31 IST" duration-ms="0" status="PASS">
          <reporter-output>
          </reporter-output>
        </test-method> <!-- navigateOutOfApplication -->
        <test-method is-config="true" signature="closeTheBrowser()[pri:0, instance:resumeBuilderScripts.TC_ResumeBuilder_002Test@27ff5d15]" started-at="2022-03-03T09:13:31 IST" name="closeTheBrowser" finished-at="2022-03-03T09:13:33 IST" duration-ms="1353" status="PASS">
          <reporter-output>
          </reporter-output>
        </test-method> <!-- closeTheBrowser -->
      </class> <!-- resumeBuilderScripts.TC_ResumeBuilder_002Test -->
      <class name="resumeBuilderScripts.TC_ResumeBuilder_001Test">
        <test-method is-config="true" signature="openTheBrowser(java.lang.String)[pri:0, instance:resumeBuilderScripts.TC_ResumeBuilder_001Test@4e096385]" started-at="2022-03-03T09:13:33 IST" name="openTheBrowser" finished-at="2022-03-03T09:13:48 IST" duration-ms="14937" status="PASS">
          <params>
            <param index="0">
              <value>
                <![CDATA[chrome]]>
              </value>
            </param>
          </params>
          <reporter-output>
            <line>
              <![CDATA[Successfully Launched Chrome Browser]]>
            </line>
            <line>
              <![CDATA[Browser window is maximized successfully]]>
            </line>
          </reporter-output>
        </test-method> <!-- openTheBrowser -->
        <test-method is-config="true" signature="navigateToApplication()[pri:0, instance:resumeBuilderScripts.TC_ResumeBuilder_001Test@4e096385]" started-at="2022-03-03T09:13:48 IST" name="navigateToApplication" finished-at="2022-03-03T09:13:52 IST" duration-ms="4313" status="PASS">
          <reporter-output>
          </reporter-output>
        </test-method> <!-- navigateToApplication -->
        <test-method signature="CreatingResume()[pri:0, instance:resumeBuilderScripts.TC_ResumeBuilder_001Test@4e096385]" started-at="2022-03-03T09:13:52 IST" name="CreatingResume" finished-at="2022-03-03T09:14:05 IST" duration-ms="12962" status="PASS">
          <reporter-output>
            <line>
              <![CDATA[Profile page is displayed succesfully]]>
            </line>
          </reporter-output>
        </test-method> <!-- CreatingResume -->
        <test-method is-config="true" signature="navigateOutOfApplication()[pri:0, instance:resumeBuilderScripts.TC_ResumeBuilder_001Test@4e096385]" started-at="2022-03-03T09:14:05 IST" name="navigateOutOfApplication" finished-at="2022-03-03T09:14:05 IST" duration-ms="1" status="PASS">
          <reporter-output>
          </reporter-output>
        </test-method> <!-- navigateOutOfApplication -->
        <test-method is-config="true" signature="closeTheBrowser()[pri:0, instance:resumeBuilderScripts.TC_ResumeBuilder_001Test@4e096385]" started-at="2022-03-03T09:14:05 IST" name="closeTheBrowser" finished-at="2022-03-03T09:14:06 IST" duration-ms="585" status="PASS">
          <reporter-output>
          </reporter-output>
        </test-method> <!-- closeTheBrowser -->
      </class> <!-- resumeBuilderScripts.TC_ResumeBuilder_001Test -->
    </test> <!-- Test -->
  </suite> <!-- Suite -->
</testng-results>
