<?xml version="1.0" encoding="UTF-8"?>
<!-- Generated by org.testng.reporters.JUnitXMLReporter -->
<testsuite ignored="0" hostname="Ajay-Az" failures="0" tests="3" name="Test" time="94.643" errors="0" timestamp="2022-03-03T09:14:06 IST">
  <testcase classname="resumeBuilderScripts.TC_ResumeBuilder_003Test" name="ModifingSkillsModule" time="5.678"/>
  <testcase classname="resumeBuilderScripts.TC_ResumeBuilder_002Test" name="ModifingResume" time="23.782"/>
  <testcase classname="resumeBuilderScripts.TC_ResumeBuilder_001Test" name="CreatingResume" time="12.962"/>
</testsuite> <!-- Test -->
